[21:42:12] 启动 max=1 fail=3 timeout=600
[21:42:12] session 1 开始
[21:52:49] session 1 | 无进展 (1)
[21:52:49] 结束
[22:01:16] 启动 max=12 fail=3 timeout=900
[22:01:16] session 1 开始
[22:21:24] session 1 | +8 | 1208s
[22:21:24] session 2 开始
[22:32:34] session 2 | +10 | 670s
[22:32:34] session 3 开始
[22:49:00] session 3 | +10 | 985s
[22:49:00] session 4 开始
[23:06:36] session 4 | +8 | 1056s
[23:06:36] session 5 开始
[23:24:53] session 5 | 无进展 (1) | 1097s
[23:24:53] session 6 开始
[23:29:05] session 6 | 无进展 (2) | 252s
[23:29:05] session 7 开始
[23:33:11] session 7 | 无进展 (3) | 246s
[23:33:11] 连续失败停止
[23:33:11] 结束
[00:01:26] 启动 max=10 fail=3 timeout=900
[00:01:26] session 1 开始
[00:38:57] session 1 | +10 | 2251s
[00:38:57] session 2 开始
[00:59:08] session 2 | +3 | 1211s
[00:59:08] session 3 开始
[01:03:19] session 3 | 无进展 (1) | 251s
[01:03:19] session 4 开始
[01:07:33] session 4 | 无进展 (2) | 254s
[01:07:33] session 5 开始
[01:13:32] session 5 | +5 | 359s
[01:13:32] session 6 开始
[01:20:07] session 6 | +4 | 395s
[01:20:07] session 7 开始
[01:41:32] session 7 | 无进展 (1) | 1285s
[01:41:32] session 8 开始
[01:45:32] session 8 | 无进展 (2) | 240s
[01:45:32] session 9 开始
[01:49:43] session 9 | 无进展 (3) | 251s
[01:49:43] 连续失败停止
[01:49:43] 结束
[09:32:49] 启动 max=8 fail=3 timeout=900
[09:32:49] session 1 开始
[09:58:12] session 1 | +10 | 1523s
[09:58:12] session 2 开始
[10:40:26] session 2 | +8 | 2534s
[10:40:26] session 3 开始
[11:07:54] session 3 | +10 | 1648s
[11:07:54] session 4 开始
[11:28:42] session 4 | +10 | 1248s
[11:28:42] session 5 开始
[11:49:26] session 5 | +8 | 1244s
[11:49:26] session 6 开始
[11:50:06] session 6 | 无进展 (1) | 40s
[11:50:07] session 7 开始
[11:51:34] session 7 | 无进展 (2) | 87s
[11:51:34] session 8 开始
[11:52:13] session 8 | 无进展 (3) | 39s
[11:52:13] 连续失败停止
[11:52:13] 结束
[13:05:07] 工作区有未提交变更，自动提交
